INFO:root:/home/ayssa/Desktop/UnBall/InterfaceBallnet/models/BallnetPose/VSSS_short.mp4
INFO:root:/home/ayssa/Desktop/UnBall/InterfaceBallnet/assets/videos/VSSS_short.avi
INFO:root:/home/ayssa/Desktop/UnBall/InterfaceBallnet/assets/videos/VSSS_short.avi
INFO:root:/home/ayssa/Desktop/UnBall/InterfaceBallnet/assets/videos/VSSS_short.avi
INFO:root:/home/ayssa/Desktop/UnBall/InterfaceBallnet/assets/videos/VSSS_short.avi
INFO:root:/home/ayssa/Desktop/UnBall/InterfaceBallnet/assets/videos/VSSS_short.avi
INFO:window:Baixando o modelo.
INFO:window:Baixando o modelo.
INFO:window:Baixando o modelo.
INFO:window:Baixando o modelo.
INFO:window:Baixando o modelo.
INFO:window:Baixando o modelo.
INFO:window:Baixando o modelo.
INFO:window:Baixando o modelo.
INFO:window:Baixando o modelo.
INFO:window:Baixando o modelo.
INFO:root:Opening camera....
INFO:root:Opening camera....
INFO:root:Fonte: /home/ayssa/Desktop/UnBall/InterfaceBallnet/assets/videos/VSSS_short.avi
INFO:root:Fonte: /home/ayssa/Desktop/UnBall/InterfaceBallnet/assets/videos/VSSS_short.avi
INFO:root:Baixando o modelo....
INFO:root:Modelo baixado.
INFO:root:Fonte: /home/ayssa/Desktop/UnBall/InterfaceBallnet/assets/videos/VSSS_short.avi
INFO:root:Fonte: /home/ayssa/Desktop/UnBall/InterfaceBallnet/assets/videos/VSSS_short.avi
INFO:root:Baixando o modelo....
INFO:root:Modelo baixado.
INFO:root:Baixando o modelo....
INFO:root:Modelo baixado.
INFO:root:Opening camera....
INFO:root:Fonte: /home/ayssa/Desktop/UnBall/InterfaceBallnet/assets/videos/VSSS_short.mp4
INFO:root:Fonte: /home/ayssa/Desktop/UnBall/InterfaceBallnet/assets/videos/VSSS_short.mp4
INFO:root:Baixando o modelo....
INFO:root:Modelo baixado.
INFO:root:Opening camera....
INFO:root:Baixando o modelo....
INFO:root:Modelo baixado.
